[2021-03-09 12:06:18] local.DEBUG: array (
  'user' => '255754711502',
  'Request' => 
  array (
    'UserID' => 8,
    'WakalaMsisdn' => '255754711502',
  ),
  'Response' => 
  array (
    'ID' => 0,
    'Description' => 'OTP successfully sent to 255754711502',
  ),
)  
[2021-03-09 12:06:28] local.DEBUG: array (
  'user' => '255754711502',
  'Request' => 
  array (
    'UserID' => 8,
    'WakalaMsisdn' => '255754711502',
    'ConfirmationCode' => '239469',
  ),
  'Response' => 
  array (
    'ID' => 0,
    'Description' => 'verified',
  ),
)  
[2021-03-09 12:06:50] local.DEBUG: array (
  'user' => '255754711502',
  'Request' => 
  array (
    'NIN' => '19860920141220000221',
    'FingerCode' => 'L1',
    'platform' => 'web',
  ),
  'Response' => 
  array (
    'ID' => NULL,
    'Time' => NULL,
    'ErrorCode' => '01',
    'ErrorMessage' => NULL,
    'NIN' => NULL,
    'FIRSTNAME' => NULL,
    'MIDDLENAME' => NULL,
    'SURNAME' => NULL,
    'OTHERNAMES' => NULL,
    'SEX' => NULL,
    'DATEOFBIRTH' => '0001-01-01T00:00:00',
    'RESIDENTREGION' => NULL,
    'RESIDENTDISTRICT' => NULL,
    'RESIDENTWARD' => NULL,
    'RESIDENTVILLAGE' => NULL,
    'RESIDENTSTREET' => NULL,
    'RESIDENTHOUSENO' => NULL,
    'RESIDENTPOSTALADDRESS' => NULL,
    'RESIDENTPOSTCODE' => NULL,
    'BIRTHCOUNTRY' => NULL,
    'BIRTHREGION' => NULL,
    'BIRTHDISTRICT' => NULL,
    'BIRTHWARD' => NULL,
    'BIRTHCERTIFICATENO' => NULL,
    'NATIONALITY' => NULL,
    'PHONENUMBER' => NULL,
    'MARITALSTATUS' => NULL,
    'PHOTO' => NULL,
    'SIGNATURE' => NULL,
  ),
)  
[2021-03-09 12:07:07] local.DEBUG: array (
  'user' => '255754711502',
  'Request' => 
  array (
    'NIN' => '19860920141220000221',
    'FingerCode' => 'L1',
    'platform' => 'web',
  ),
  'Response' => 
  array (
    'ID' => NULL,
    'Time' => NULL,
    'ErrorCode' => '01',
    'ErrorMessage' => NULL,
    'NIN' => NULL,
    'FIRSTNAME' => NULL,
    'MIDDLENAME' => NULL,
    'SURNAME' => NULL,
    'OTHERNAMES' => NULL,
    'SEX' => NULL,
    'DATEOFBIRTH' => '0001-01-01T00:00:00',
    'RESIDENTREGION' => NULL,
    'RESIDENTDISTRICT' => NULL,
    'RESIDENTWARD' => NULL,
    'RESIDENTVILLAGE' => NULL,
    'RESIDENTSTREET' => NULL,
    'RESIDENTHOUSENO' => NULL,
    'RESIDENTPOSTALADDRESS' => NULL,
    'RESIDENTPOSTCODE' => NULL,
    'BIRTHCOUNTRY' => NULL,
    'BIRTHREGION' => NULL,
    'BIRTHDISTRICT' => NULL,
    'BIRTHWARD' => NULL,
    'BIRTHCERTIFICATENO' => NULL,
    'NATIONALITY' => NULL,
    'PHONENUMBER' => NULL,
    'MARITALSTATUS' => NULL,
    'PHOTO' => NULL,
    'SIGNATURE' => NULL,
  ),
)  
[2021-03-09 12:07:21] local.DEBUG: array (
  'user' => '255754711502',
  'Request' => 
  array (
    'NIN' => '19860920141220000221',
    'FingerCode' => 'R1',
    'platform' => 'web',
  ),
  'Response' => 
  array (
    'ID' => NULL,
    'Time' => NULL,
    'ErrorCode' => '01',
    'ErrorMessage' => NULL,
    'NIN' => NULL,
    'FIRSTNAME' => NULL,
    'MIDDLENAME' => NULL,
    'SURNAME' => NULL,
    'OTHERNAMES' => NULL,
    'SEX' => NULL,
    'DATEOFBIRTH' => '0001-01-01T00:00:00',
    'RESIDENTREGION' => NULL,
    'RESIDENTDISTRICT' => NULL,
    'RESIDENTWARD' => NULL,
    'RESIDENTVILLAGE' => NULL,
    'RESIDENTSTREET' => NULL,
    'RESIDENTHOUSENO' => NULL,
    'RESIDENTPOSTALADDRESS' => NULL,
    'RESIDENTPOSTCODE' => NULL,
    'BIRTHCOUNTRY' => NULL,
    'BIRTHREGION' => NULL,
    'BIRTHDISTRICT' => NULL,
    'BIRTHWARD' => NULL,
    'BIRTHCERTIFICATENO' => NULL,
    'NATIONALITY' => NULL,
    'PHONENUMBER' => NULL,
    'MARITALSTATUS' => NULL,
    'PHOTO' => NULL,
    'SIGNATURE' => NULL,
  ),
)  
[2021-03-09 12:07:35] local.DEBUG: array (
  'user' => '255754711502',
  'Request' => 
  array (
    'NIN' => '19860920141220000221',
    'FingerCode' => 'R1',
    'platform' => 'web',
  ),
  'Response' => 
  array (
    'ID' => NULL,
    'Time' => NULL,
    'ErrorCode' => '01',
    'ErrorMessage' => NULL,
    'NIN' => NULL,
    'FIRSTNAME' => NULL,
    'MIDDLENAME' => NULL,
    'SURNAME' => NULL,
    'OTHERNAMES' => NULL,
    'SEX' => NULL,
    'DATEOFBIRTH' => '0001-01-01T00:00:00',
    'RESIDENTREGION' => NULL,
    'RESIDENTDISTRICT' => NULL,
    'RESIDENTWARD' => NULL,
    'RESIDENTVILLAGE' => NULL,
    'RESIDENTSTREET' => NULL,
    'RESIDENTHOUSENO' => NULL,
    'RESIDENTPOSTALADDRESS' => NULL,
    'RESIDENTPOSTCODE' => NULL,
    'BIRTHCOUNTRY' => NULL,
    'BIRTHREGION' => NULL,
    'BIRTHDISTRICT' => NULL,
    'BIRTHWARD' => NULL,
    'BIRTHCERTIFICATENO' => NULL,
    'NATIONALITY' => NULL,
    'PHONENUMBER' => NULL,
    'MARITALSTATUS' => NULL,
    'PHOTO' => NULL,
    'SIGNATURE' => NULL,
  ),
)  
[2021-03-09 12:08:14] local.DEBUG: array (
  'user' => '255754711502',
  'Request' => 
  array (
    'NIN' => '19860920141220000221',
    'FingerCode' => 'L1',
    'platform' => 'web',
  ),
  'Response' => 
  array (
    'ID' => NULL,
    'Time' => NULL,
    'ErrorCode' => '01',
    'ErrorMessage' => NULL,
    'NIN' => NULL,
    'FIRSTNAME' => NULL,
    'MIDDLENAME' => NULL,
    'SURNAME' => NULL,
    'OTHERNAMES' => NULL,
    'SEX' => NULL,
    'DATEOFBIRTH' => '0001-01-01T00:00:00',
    'RESIDENTREGION' => NULL,
    'RESIDENTDISTRICT' => NULL,
    'RESIDENTWARD' => NULL,
    'RESIDENTVILLAGE' => NULL,
    'RESIDENTSTREET' => NULL,
    'RESIDENTHOUSENO' => NULL,
    'RESIDENTPOSTALADDRESS' => NULL,
    'RESIDENTPOSTCODE' => NULL,
    'BIRTHCOUNTRY' => NULL,
    'BIRTHREGION' => NULL,
    'BIRTHDISTRICT' => NULL,
    'BIRTHWARD' => NULL,
    'BIRTHCERTIFICATENO' => NULL,
    'NATIONALITY' => NULL,
    'PHONENUMBER' => NULL,
    'MARITALSTATUS' => NULL,
    'PHOTO' => NULL,
    'SIGNATURE' => NULL,
  ),
)  
[2021-03-09 12:09:18] local.DEBUG: array (
  'user' => '255754711502',
  'Request' => 
  array (
    'NIN' => '19860920141220000221',
    'FingerCode' => 'L2',
    'platform' => 'web',
  ),
  'Response' => 
  array (
    'ID' => NULL,
    'Time' => NULL,
    'ErrorCode' => '01',
    'ErrorMessage' => NULL,
    'NIN' => NULL,
    'FIRSTNAME' => NULL,
    'MIDDLENAME' => NULL,
    'SURNAME' => NULL,
    'OTHERNAMES' => NULL,
    'SEX' => NULL,
    'DATEOFBIRTH' => '0001-01-01T00:00:00',
    'RESIDENTREGION' => NULL,
    'RESIDENTDISTRICT' => NULL,
    'RESIDENTWARD' => NULL,
    'RESIDENTVILLAGE' => NULL,
    'RESIDENTSTREET' => NULL,
    'RESIDENTHOUSENO' => NULL,
    'RESIDENTPOSTALADDRESS' => NULL,
    'RESIDENTPOSTCODE' => NULL,
    'BIRTHCOUNTRY' => NULL,
    'BIRTHREGION' => NULL,
    'BIRTHDISTRICT' => NULL,
    'BIRTHWARD' => NULL,
    'BIRTHCERTIFICATENO' => NULL,
    'NATIONALITY' => NULL,
    'PHONENUMBER' => NULL,
    'MARITALSTATUS' => NULL,
    'PHOTO' => NULL,
    'SIGNATURE' => NULL,
  ),
)  
